<?xml version="1.0" encoding="UTF-8"?>
<testsuite name="sttproject.AppTest" tests="1" skipped="0" failures="0" errors="0" timestamp="2024-02-12T23:58:25" hostname="DESKTOP-RPBOGGP" time="0.02">
  <properties/>
  <testcase name="appHasAGreeting()" classname="sttproject.AppTest" time="0.02"/>
  <system-out><![CDATA[]]></system-out>
  <system-err><![CDATA[]]></system-err>
</testsuite>
